
*** Running vivado
    with args -log demux8.vds -m64 -product Vivado -mode batch -messageDb vivado.pb -notrace -source demux8.tcl


****** Vivado v2017.3 (64-bit)
  **** SW Build 2018833 on Wed Oct  4 19:58:22 MDT 2017
  **** IP Build 2016188 on Wed Oct  4 21:52:56 MDT 2017
    ** Copyright 1986-2017 Xilinx, Inc. All Rights Reserved.

source demux8.tcl -notrace
Command: synth_design -top demux8 -part xc7a35tcpg236-1
Starting synth_design
Attempting to get a license for feature 'Synthesis' and/or device 'xc7a35t'
INFO: [Common 17-349] Got license for feature 'Synthesis' and/or device 'xc7a35t'
INFO: Launching helper process for spawning children vivado processes
INFO: Helper process launched with PID 11272 
---------------------------------------------------------------------------------
Starting RTL Elaboration : Time (s): cpu = 00:00:04 ; elapsed = 00:00:04 . Memory (MB): peak = 379.391 ; gain = 95.320
---------------------------------------------------------------------------------
INFO: [Synth 8-638] synthesizing module 'demux8' [C:/Users/anthm/Desktop/ECEC302 Digital Systems/deMux/project_2/project_2.srcs/sources_1/new/demux8.vhd:11]
	Parameter m bound to: 1 - type: integer 
INFO: [Synth 8-3491] module 'demux_gen' declared at 'C:/Users/anthm/Desktop/ECEC302 Digital Systems/deMux/project_2/project_2.srcs/sources_1/new/logic.vhd:5' bound to instance 'U1' of component 'demux_gen' [C:/Users/anthm/Desktop/ECEC302 Digital Systems/deMux/project_2/project_2.srcs/sources_1/new/demux8.vhd:23]
INFO: [Synth 8-638] synthesizing module 'demux_gen' [C:/Users/anthm/Desktop/ECEC302 Digital Systems/deMux/project_2/project_2.srcs/sources_1/new/logic.vhd:13]
	Parameter m bound to: 1 - type: integer 
INFO: [Synth 8-256] done synthesizing module 'demux_gen' (1#1) [C:/Users/anthm/Desktop/ECEC302 Digital Systems/deMux/project_2/project_2.srcs/sources_1/new/logic.vhd:13]
	Parameter m bound to: 2 - type: integer 
INFO: [Synth 8-3491] module 'demux_gen' declared at 'C:/Users/anthm/Desktop/ECEC302 Digital Systems/deMux/project_2/project_2.srcs/sources_1/new/logic.vhd:5' bound to instance 'U2' of component 'demux_gen' [C:/Users/anthm/Desktop/ECEC302 Digital Systems/deMux/project_2/project_2.srcs/sources_1/new/demux8.vhd:25]
INFO: [Synth 8-638] synthesizing module 'demux_gen__parameterized1' [C:/Users/anthm/Desktop/ECEC302 Digital Systems/deMux/project_2/project_2.srcs/sources_1/new/logic.vhd:13]
	Parameter m bound to: 2 - type: integer 
INFO: [Synth 8-256] done synthesizing module 'demux_gen__parameterized1' (1#1) [C:/Users/anthm/Desktop/ECEC302 Digital Systems/deMux/project_2/project_2.srcs/sources_1/new/logic.vhd:13]
	Parameter m bound to: 2 - type: integer 
INFO: [Synth 8-3491] module 'demux_gen' declared at 'C:/Users/anthm/Desktop/ECEC302 Digital Systems/deMux/project_2/project_2.srcs/sources_1/new/logic.vhd:5' bound to instance 'U3' of component 'demux_gen' [C:/Users/anthm/Desktop/ECEC302 Digital Systems/deMux/project_2/project_2.srcs/sources_1/new/demux8.vhd:27]
INFO: [Synth 8-256] done synthesizing module 'demux8' (2#1) [C:/Users/anthm/Desktop/ECEC302 Digital Systems/deMux/project_2/project_2.srcs/sources_1/new/demux8.vhd:11]
---------------------------------------------------------------------------------
Finished RTL Elaboration : Time (s): cpu = 00:00:05 ; elapsed = 00:00:05 . Memory (MB): peak = 420.844 ; gain = 136.773
---------------------------------------------------------------------------------

Report Check Netlist: 
+------+------------------+-------+---------+-------+------------------+
|      |Item              |Errors |Warnings |Status |Description       |
+------+------------------+-------+---------+-------+------------------+
|1     |multi_driven_nets |      0|        0|Passed |Multi driven nets |
+------+------------------+-------+---------+-------+------------------+
---------------------------------------------------------------------------------
Finished RTL Optimization Phase 1 : Time (s): cpu = 00:00:05 ; elapsed = 00:00:05 . Memory (MB): peak = 420.844 ; gain = 136.773
---------------------------------------------------------------------------------
INFO: [Device 21-403] Loading part xc7a35tcpg236-1
INFO: [Project 1-570] Preparing netlist for logic optimization

Processing XDC Constraints
Initializing timing engine
Parsing XDC File [C:/Users/anthm/Desktop/ECEC302 Digital Systems/deMux/project_2/project_2.srcs/constrs_1/new/MasterFile.xdc]
Finished Parsing XDC File [C:/Users/anthm/Desktop/ECEC302 Digital Systems/deMux/project_2/project_2.srcs/constrs_1/new/MasterFile.xdc]
INFO: [Project 1-236] Implementation specific constraints were found while reading constraint file [C:/Users/anthm/Desktop/ECEC302 Digital Systems/deMux/project_2/project_2.srcs/constrs_1/new/MasterFile.xdc]. These constraints will be ignored for synthesis but will be used in implementation. Impacted constraints are listed in the file [.Xil/demux8_propImpl.xdc].
Resolution: To avoid this warning, move constraints listed in [.Xil/demux8_propImpl.xdc] to another XDC file and exclude this new file from synthesis with the used_in_synthesis property (File Properties dialog in GUI) and re-run elaboration/synthesis.
Completed Processing XDC Constraints

INFO: [Project 1-111] Unisim Transformation Summary:
No Unisim elements were transformed.

Constraint Validation Runtime : Time (s): cpu = 00:00:00 ; elapsed = 00:00:00.001 . Memory (MB): peak = 704.270 ; gain = 0.000
---------------------------------------------------------------------------------
Finished Constraint Validation : Time (s): cpu = 00:00:13 ; elapsed = 00:00:13 . Memory (MB): peak = 704.270 ; gain = 420.199
---------------------------------------------------------------------------------
---------------------------------------------------------------------------------
Start Loading Part and Timing Information
---------------------------------------------------------------------------------
Loading part: xc7a35tcpg236-1
---------------------------------------------------------------------------------
Finished Loading Part and Timing Information : Time (s): cpu = 00:00:13 ; elapsed = 00:00:13 . Memory (MB): peak = 704.270 ; gain = 420.199
---------------------------------------------------------------------------------
---------------------------------------------------------------------------------
Start Applying 'set_property' XDC Constraints
---------------------------------------------------------------------------------
---------------------------------------------------------------------------------
Finished applying 'set_property' XDC Constraints : Time (s): cpu = 00:00:13 ; elapsed = 00:00:13 . Memory (MB): peak = 704.270 ; gain = 420.199
---------------------------------------------------------------------------------
---------------------------------------------------------------------------------
Finished RTL Optimization Phase 2 : Time (s): cpu = 00:00:13 ; elapsed = 00:00:13 . Memory (MB): peak = 704.270 ; gain = 420.199
---------------------------------------------------------------------------------

Report RTL Partitions: 
+-+--------------+------------+----------+
| |RTL Partition |Replication |Instances |
+-+--------------+------------+----------+
+-+--------------+------------+----------+
---------------------------------------------------------------------------------
Start RTL Component Statistics 
---------------------------------------------------------------------------------
Detailed RTL Component Info : 
+---Muxes : 
	   2 Input      1 Bit        Muxes := 10    
---------------------------------------------------------------------------------
Finished RTL Component Statistics 
---------------------------------------------------------------------------------
---------------------------------------------------------------------------------
Start RTL Hierarchical Component Statistics 
---------------------------------------------------------------------------------
Hierarchical RTL Component report 
Module demux_gen 
Detailed RTL Component Info : 
+---Muxes : 
	   2 Input      1 Bit        Muxes := 2     
Module demux_gen__parameterized1 
Detailed RTL Component Info : 
+---Muxes : 
	   2 Input      1 Bit        Muxes := 4     
---------------------------------------------------------------------------------
Finished RTL Hierarchical Component Statistics
---------------------------------------------------------------------------------
---------------------------------------------------------------------------------
Start Part Resource Summary
---------------------------------------------------------------------------------
Part Resources:
DSPs: 90 (col length:60)
BRAMs: 100 (col length: RAMB18 60 RAMB36 30)
---------------------------------------------------------------------------------
Finished Part Resource Summary
---------------------------------------------------------------------------------
---------------------------------------------------------------------------------
Start Cross Boundary and Area Optimization
---------------------------------------------------------------------------------
---------------------------------------------------------------------------------
Finished Cross Boundary and Area Optimization : Time (s): cpu = 00:00:13 ; elapsed = 00:00:13 . Memory (MB): peak = 704.270 ; gain = 420.199
---------------------------------------------------------------------------------

Report RTL Partitions: 
+-+--------------+------------+----------+
| |RTL Partition |Replication |Instances |
+-+--------------+------------+----------+
+-+--------------+------------+----------+
---------------------------------------------------------------------------------
Start Applying XDC Timing Constraints
---------------------------------------------------------------------------------
---------------------------------------------------------------------------------
Finished Applying XDC Timing Constraints : Time (s): cpu = 00:00:21 ; elapsed = 00:00:21 . Memory (MB): peak = 704.270 ; gain = 420.199
---------------------------------------------------------------------------------
---------------------------------------------------------------------------------
Start Timing Optimization
---------------------------------------------------------------------------------
---------------------------------------------------------------------------------
Finished Timing Optimization : Time (s): cpu = 00:00:21 ; elapsed = 00:00:21 . Memory (MB): peak = 704.270 ; gain = 420.199
---------------------------------------------------------------------------------

Report RTL Partitions: 
+-+--------------+------------+----------+
| |RTL Partition |Replication |Instances |
+-+--------------+------------+----------+
+-+--------------+------------+----------+
---------------------------------------------------------------------------------
Start Technology Mapping
---------------------------------------------------------------------------------
---------------------------------------------------------------------------------
Finished Technology Mapping : Time (s): cpu = 00:00:21 ; elapsed = 00:00:21 . Memory (MB): peak = 704.270 ; gain = 420.199
---------------------------------------------------------------------------------

Report RTL Partitions: 
+-+--------------+------------+----------+
| |RTL Partition |Replication |Instances |
+-+--------------+------------+----------+
+-+--------------+------------+----------+
---------------------------------------------------------------------------------
Start IO Insertion
---------------------------------------------------------------------------------
---------------------------------------------------------------------------------
Start Flattening Before IO Insertion
---------------------------------------------------------------------------------
---------------------------------------------------------------------------------
Finished Flattening Before IO Insertion
---------------------------------------------------------------------------------
---------------------------------------------------------------------------------
Start Final Netlist Cleanup
---------------------------------------------------------------------------------
---------------------------------------------------------------------------------
Finished Final Netlist Cleanup
---------------------------------------------------------------------------------
---------------------------------------------------------------------------------
Finished IO Insertion : Time (s): cpu = 00:00:21 ; elapsed = 00:00:22 . Memory (MB): peak = 704.270 ; gain = 420.199
---------------------------------------------------------------------------------

Report Check Netlist: 
+------+------------------+-------+---------+-------+------------------+
|      |Item              |Errors |Warnings |Status |Description       |
+------+------------------+-------+---------+-------+------------------+
|1     |multi_driven_nets |      0|        0|Passed |Multi driven nets |
+------+------------------+-------+---------+-------+------------------+
---------------------------------------------------------------------------------
Start Renaming Generated Instances
---------------------------------------------------------------------------------
---------------------------------------------------------------------------------
Finished Renaming Generated Instances : Time (s): cpu = 00:00:21 ; elapsed = 00:00:22 . Memory (MB): peak = 704.270 ; gain = 420.199
---------------------------------------------------------------------------------

Report RTL Partitions: 
+-+--------------+------------+----------+
| |RTL Partition |Replication |Instances |
+-+--------------+------------+----------+
+-+--------------+------------+----------+
---------------------------------------------------------------------------------
Start Rebuilding User Hierarchy
---------------------------------------------------------------------------------
---------------------------------------------------------------------------------
Finished Rebuilding User Hierarchy : Time (s): cpu = 00:00:21 ; elapsed = 00:00:22 . Memory (MB): peak = 704.270 ; gain = 420.199
---------------------------------------------------------------------------------
---------------------------------------------------------------------------------
Start Renaming Generated Ports
---------------------------------------------------------------------------------
---------------------------------------------------------------------------------
Finished Renaming Generated Ports : Time (s): cpu = 00:00:21 ; elapsed = 00:00:22 . Memory (MB): peak = 704.270 ; gain = 420.199
---------------------------------------------------------------------------------
---------------------------------------------------------------------------------
Start Handling Custom Attributes
---------------------------------------------------------------------------------
---------------------------------------------------------------------------------
Finished Handling Custom Attributes : Time (s): cpu = 00:00:21 ; elapsed = 00:00:22 . Memory (MB): peak = 704.270 ; gain = 420.199
---------------------------------------------------------------------------------
---------------------------------------------------------------------------------
Start Renaming Generated Nets
---------------------------------------------------------------------------------
---------------------------------------------------------------------------------
Finished Renaming Generated Nets : Time (s): cpu = 00:00:21 ; elapsed = 00:00:22 . Memory (MB): peak = 704.270 ; gain = 420.199
---------------------------------------------------------------------------------
---------------------------------------------------------------------------------
Start Writing Synthesis Report
---------------------------------------------------------------------------------

Report BlackBoxes: 
+-+--------------+----------+
| |BlackBox name |Instances |
+-+--------------+----------+
+-+--------------+----------+

Report Cell Usage: 
+------+-----+------+
|      |Cell |Count |
+------+-----+------+
|1     |LUT4 |     8|
|2     |IBUF |     4|
|3     |OBUF |     8|
+------+-----+------+

Report Instance Areas: 
+------+---------+----------------------------+------+
|      |Instance |Module                      |Cells |
+------+---------+----------------------------+------+
|1     |top      |                            |    20|
|2     |  U2     |demux_gen__parameterized1   |     3|
|3     |  U3     |demux_gen__parameterized1_0 |     3|
+------+---------+----------------------------+------+
---------------------------------------------------------------------------------
Finished Writing Synthesis Report : Time (s): cpu = 00:00:21 ; elapsed = 00:00:22 . Memory (MB): peak = 704.270 ; gain = 420.199
---------------------------------------------------------------------------------
Synthesis finished with 0 errors, 0 critical warnings and 0 warnings.
Synthesis Optimization Runtime : Time (s): cpu = 00:00:14 ; elapsed = 00:00:18 . Memory (MB): peak = 704.270 ; gain = 136.773
Synthesis Optimization Complete : Time (s): cpu = 00:00:22 ; elapsed = 00:00:22 . Memory (MB): peak = 704.270 ; gain = 420.199
INFO: [Project 1-571] Translating synthesized netlist
INFO: [Netlist 29-17] Analyzing 4 Unisim elements for replacement
INFO: [Netlist 29-28] Unisim Transformation completed in 0 CPU seconds
INFO: [Project 1-570] Preparing netlist for logic optimization
INFO: [Opt 31-138] Pushed 0 inverter(s) to 0 load pin(s).
INFO: [Project 1-111] Unisim Transformation Summary:
No Unisim elements were transformed.

INFO: [Common 17-83] Releasing license: Synthesis
21 Infos, 0 Warnings, 0 Critical Warnings and 0 Errors encountered.
synth_design completed successfully
synth_design: Time (s): cpu = 00:00:22 ; elapsed = 00:00:22 . Memory (MB): peak = 709.578 ; gain = 439.031
INFO: [Common 17-1381] The checkpoint 'C:/Users/anthm/Desktop/ECEC302 Digital Systems/deMux/project_2/project_2.runs/synth_1/demux8.dcp' has been generated.
INFO: [runtcl-4] Executing : report_utilization -file demux8_utilization_synth.rpt -pb demux8_utilization_synth.pb
report_utilization: Time (s): cpu = 00:00:00 ; elapsed = 00:00:00.016 . Memory (MB): peak = 709.578 ; gain = 0.000
INFO: [Common 17-206] Exiting Vivado at Tue Oct 31 19:30:50 2017...
