Copyright 1986-2017 Xilinx, Inc. All Rights Reserved.
-----------------------------------------------------------------------------------------------------------------------------------------------
| Tool Version : Vivado v.2017.2 (win64) Build 1909853 Thu Jun 15 18:39:09 MDT 2017
| Date         : Tue Nov  7 12:56:39 2017
| Host         : ECE-BSN213-25 running 64-bit Service Pack 1  (build 7601)
| Command      : report_timing_summary -warn_on_violation -max_paths 10 -file top_timing_summary_routed.rpt -rpx top_timing_summary_routed.rpx
| Design       : top
| Device       : 7a35t-cpg236
| Speed File   : -1  PRODUCTION 1.17 2017-05-11
-----------------------------------------------------------------------------------------------------------------------------------------------

Timing Summary Report

------------------------------------------------------------------------------------------------
| Timer Settings
| --------------
------------------------------------------------------------------------------------------------

  Enable Multi Corner Analysis               :  Yes
  Enable Pessimism Removal                   :  Yes
  Pessimism Removal Resolution               :  Nearest Common Node
  Enable Input Delay Default Clock           :  No
  Enable Preset / Clear Arcs                 :  No
  Disable Flight Delays                      :  No
  Ignore I/O Paths                           :  No
  Timing Early Launch at Borrowing Latches   :  false

  Corner  Analyze    Analyze    
  Name    Max Paths  Min Paths  
  ------  ---------  ---------  
  Slow    Yes        Yes        
  Fast    Yes        Yes        



check_timing report

Table of Contents
-----------------
1. checking no_clock
2. checking constant_clock
3. checking pulse_width_clock
4. checking unconstrained_internal_endpoints
5. checking no_input_delay
6. checking no_output_delay
7. checking multiple_clock
8. checking generated_clocks
9. checking loops
10. checking partial_input_delay
11. checking partial_output_delay
12. checking latch_loops

1. checking no_clock
--------------------
 There are 40 register/latch pins with no clock driven by root clock pin: ck_step_reg/Q (HIGH)


2. checking constant_clock
--------------------------
 There are 0 register/latch pins with constant_clock.


3. checking pulse_width_clock
-----------------------------
 There are 0 register/latch pins which need pulse_width check


4. checking unconstrained_internal_endpoints
--------------------------------------------
 There are 110 pins that are not constrained for maximum delay. (HIGH)

 There are 0 pins that are not constrained for maximum delay due to constant clock.


5. checking no_input_delay
--------------------------
 There are 6 input ports with no input delay specified. (HIGH)

 There are 0 input ports with no input delay but user has a false path constraint.


6. checking no_output_delay
---------------------------
 There are 2 ports with no output delay specified. (HIGH)

 There are 0 ports with no output delay but user has a false path constraint

 There are 0 ports with no output delay but with a timing clock defined on it or propagating through it


7. checking multiple_clock
--------------------------
 There are 0 register/latch pins with multiple clocks.


8. checking generated_clocks
----------------------------
 There are 0 generated clocks that are not connected to a clock source.


9. checking loops
-----------------
 There are 0 combinational loops in the design.


10. checking partial_input_delay
--------------------------------
 There are 0 input ports with partial input delay specified.


11. checking partial_output_delay
---------------------------------
 There are 0 ports with partial output delay specified.


12. checking latch_loops
------------------------
 There are 0 combinational latch loops in the design through latch input



------------------------------------------------------------------------------------------------
| Design Timing Summary
| ---------------------
------------------------------------------------------------------------------------------------

    WNS(ns)      TNS(ns)  TNS Failing Endpoints  TNS Total Endpoints      WHS(ns)      THS(ns)  THS Failing Endpoints  THS Total Endpoints     WPWS(ns)     TPWS(ns)  TPWS Failing Endpoints  TPWS Total Endpoints  
    -------      -------  ---------------------  -------------------      -------      -------  ---------------------  -------------------     --------     --------  ----------------------  --------------------  
      8.582        0.000                      0                    3        0.280        0.000                      0                    3        4.500        0.000                       0                     4  


All user specified timing constraints are met.


------------------------------------------------------------------------------------------------
| Clock Summary
| -------------
------------------------------------------------------------------------------------------------

Clock        Waveform(ns)       Period(ns)      Frequency(MHz)
-----        ------------       ----------      --------------
sys_clk_pin  {0.000 5.000}      10.000          100.000         


------------------------------------------------------------------------------------------------
| Intra Clock Table
| -----------------
------------------------------------------------------------------------------------------------

Clock             WNS(ns)      TNS(ns)  TNS Failing Endpoints  TNS Total Endpoints      WHS(ns)      THS(ns)  THS Failing Endpoints  THS Total Endpoints     WPWS(ns)     TPWS(ns)  TPWS Failing Endpoints  TPWS Total Endpoints  
-----             -------      -------  ---------------------  -------------------      -------      -------  ---------------------  -------------------     --------     --------  ----------------------  --------------------  
sys_clk_pin         8.582        0.000                      0                    3        0.280        0.000                      0                    3        4.500        0.000                       0                     4  


------------------------------------------------------------------------------------------------
| Inter Clock Table
| -----------------
------------------------------------------------------------------------------------------------

From Clock    To Clock          WNS(ns)      TNS(ns)  TNS Failing Endpoints  TNS Total Endpoints      WHS(ns)      THS(ns)  THS Failing Endpoints  THS Total Endpoints  
----------    --------          -------      -------  ---------------------  -------------------      -------      -------  ---------------------  -------------------  


------------------------------------------------------------------------------------------------
| Other Path Groups Table
| -----------------------
------------------------------------------------------------------------------------------------

Path Group    From Clock    To Clock          WNS(ns)      TNS(ns)  TNS Failing Endpoints  TNS Total Endpoints      WHS(ns)      THS(ns)  THS Failing Endpoints  THS Total Endpoints  
----------    ----------    --------          -------      -------  ---------------------  -------------------      -------      -------  ---------------------  -------------------  


------------------------------------------------------------------------------------------------
| Timing Details
| --------------
------------------------------------------------------------------------------------------------


---------------------------------------------------------------------------------------------------
From Clock:  sys_clk_pin
  To Clock:  sys_clk_pin

Setup :            0  Failing Endpoints,  Worst Slack        8.582ns,  Total Violation        0.000ns
Hold  :            0  Failing Endpoints,  Worst Slack        0.280ns,  Total Violation        0.000ns
PW    :            0  Failing Endpoints,  Worst Slack        4.500ns,  Total Violation        0.000ns
---------------------------------------------------------------------------------------------------


Max Delay Paths
--------------------------------------------------------------------------------------
Slack (MET) :             8.582ns  (required time - arrival time)
  Source:                 ns_reg[1]/C
                            (rising edge-triggered cell FDRE clocked by sys_clk_pin  {rise@0.000ns fall@5.000ns period=10.000ns})
  Destination:            ck_step_reg/D
                            (rising edge-triggered cell FDRE clocked by sys_clk_pin  {rise@0.000ns fall@5.000ns period=10.000ns})
  Path Group:             sys_clk_pin
  Path Type:              Setup (Max at Slow Process Corner)
  Requirement:            10.000ns  (sys_clk_pin rise@10.000ns - sys_clk_pin rise@0.000ns)
  Data Path Delay:        1.412ns  (logic 0.715ns (50.643%)  route 0.697ns (49.357%))
  Logic Levels:           1  (LUT3=1)
  Clock Path Skew:        0.000ns (DCD - SCD + CPR)
    Destination Clock Delay (DCD):    4.788ns = ( 14.788 - 10.000 ) 
    Source Clock Delay      (SCD):    5.087ns
    Clock Pessimism Removal (CPR):    0.299ns
  Clock Uncertainty:      0.035ns  ((TSJ^2 + TIJ^2)^1/2 + DJ) / 2 + PE
    Total System Jitter     (TSJ):    0.071ns
    Total Input Jitter      (TIJ):    0.000ns
    Discrete Jitter          (DJ):    0.000ns
    Phase Error              (PE):    0.000ns

    Location             Delay type                Incr(ns)  Path(ns)    Netlist Resource(s)
  -------------------------------------------------------------------    -------------------
                         (clock sys_clk_pin rise edge)
                                                      0.000     0.000 r  
    W5                                                0.000     0.000 r  ck (IN)
                         net (fo=0)                   0.000     0.000    ck
    W5                   IBUF (Prop_ibuf_I_O)         1.458     1.458 r  ck_IBUF_inst/O
                         net (fo=1, routed)           1.967     3.425    ck_IBUF
    BUFGCTRL_X0Y1        BUFG (Prop_bufg_I_O)         0.096     3.521 r  ck_IBUF_BUFG_inst/O
                         net (fo=3, routed)           1.566     5.087    ck_IBUF_BUFG
    SLICE_X28Y46         FDRE                                         r  ns_reg[1]/C
  -------------------------------------------------------------------    -------------------
    SLICE_X28Y46         FDRE (Prop_fdre_C_Q)         0.419     5.506 r  ns_reg[1]/Q
                         net (fo=3, routed)           0.697     6.203    ns[1]
    SLICE_X28Y46         LUT3 (Prop_lut3_I0_O)        0.296     6.499 r  ck_step_i_1/O
                         net (fo=1, routed)           0.000     6.499    ck_step_i_1_n_0
    SLICE_X28Y46         FDRE                                         r  ck_step_reg/D
  -------------------------------------------------------------------    -------------------

                         (clock sys_clk_pin rise edge)
                                                     10.000    10.000 r  
    W5                                                0.000    10.000 r  ck (IN)
                         net (fo=0)                   0.000    10.000    ck
    W5                   IBUF (Prop_ibuf_I_O)         1.388    11.388 r  ck_IBUF_inst/O
                         net (fo=1, routed)           1.862    13.250    ck_IBUF
    BUFGCTRL_X0Y1        BUFG (Prop_bufg_I_O)         0.091    13.341 r  ck_IBUF_BUFG_inst/O
                         net (fo=3, routed)           1.447    14.788    ck_IBUF_BUFG
    SLICE_X28Y46         FDRE                                         r  ck_step_reg/C
                         clock pessimism              0.299    15.087    
                         clock uncertainty           -0.035    15.052    
    SLICE_X28Y46         FDRE (Setup_fdre_C_D)        0.029    15.081    ck_step_reg
  -------------------------------------------------------------------
                         required time                         15.081    
                         arrival time                          -6.499    
  -------------------------------------------------------------------
                         slack                                  8.582    

Slack (MET) :             8.591ns  (required time - arrival time)
  Source:                 ns_reg[1]/C
                            (rising edge-triggered cell FDRE clocked by sys_clk_pin  {rise@0.000ns fall@5.000ns period=10.000ns})
  Destination:            ns_reg[0]/D
                            (rising edge-triggered cell FDRE clocked by sys_clk_pin  {rise@0.000ns fall@5.000ns period=10.000ns})
  Path Group:             sys_clk_pin
  Path Type:              Setup (Max at Slow Process Corner)
  Requirement:            10.000ns  (sys_clk_pin rise@10.000ns - sys_clk_pin rise@0.000ns)
  Data Path Delay:        1.405ns  (logic 0.715ns (50.903%)  route 0.690ns (49.097%))
  Logic Levels:           1  (LUT4=1)
  Clock Path Skew:        0.000ns (DCD - SCD + CPR)
    Destination Clock Delay (DCD):    4.788ns = ( 14.788 - 10.000 ) 
    Source Clock Delay      (SCD):    5.087ns
    Clock Pessimism Removal (CPR):    0.299ns
  Clock Uncertainty:      0.035ns  ((TSJ^2 + TIJ^2)^1/2 + DJ) / 2 + PE
    Total System Jitter     (TSJ):    0.071ns
    Total Input Jitter      (TIJ):    0.000ns
    Discrete Jitter          (DJ):    0.000ns
    Phase Error              (PE):    0.000ns

    Location             Delay type                Incr(ns)  Path(ns)    Netlist Resource(s)
  -------------------------------------------------------------------    -------------------
                         (clock sys_clk_pin rise edge)
                                                      0.000     0.000 r  
    W5                                                0.000     0.000 r  ck (IN)
                         net (fo=0)                   0.000     0.000    ck
    W5                   IBUF (Prop_ibuf_I_O)         1.458     1.458 r  ck_IBUF_inst/O
                         net (fo=1, routed)           1.967     3.425    ck_IBUF
    BUFGCTRL_X0Y1        BUFG (Prop_bufg_I_O)         0.096     3.521 r  ck_IBUF_BUFG_inst/O
                         net (fo=3, routed)           1.566     5.087    ck_IBUF_BUFG
    SLICE_X28Y46         FDRE                                         r  ns_reg[1]/C
  -------------------------------------------------------------------    -------------------
    SLICE_X28Y46         FDRE (Prop_fdre_C_Q)         0.419     5.506 r  ns_reg[1]/Q
                         net (fo=3, routed)           0.690     6.196    ns[1]
    SLICE_X28Y46         LUT4 (Prop_lut4_I3_O)        0.296     6.492 r  ns[0]_i_1/O
                         net (fo=1, routed)           0.000     6.492    ns[0]_i_1_n_0
    SLICE_X28Y46         FDRE                                         r  ns_reg[0]/D
  -------------------------------------------------------------------    -------------------

                         (clock sys_clk_pin rise edge)
                                                     10.000    10.000 r  
    W5                                                0.000    10.000 r  ck (IN)
                         net (fo=0)                   0.000    10.000    ck
    W5                   IBUF (Prop_ibuf_I_O)         1.388    11.388 r  ck_IBUF_inst/O
                         net (fo=1, routed)           1.862    13.250    ck_IBUF
    BUFGCTRL_X0Y1        BUFG (Prop_bufg_I_O)         0.091    13.341 r  ck_IBUF_BUFG_inst/O
                         net (fo=3, routed)           1.447    14.788    ck_IBUF_BUFG
    SLICE_X28Y46         FDRE                                         r  ns_reg[0]/C
                         clock pessimism              0.299    15.087    
                         clock uncertainty           -0.035    15.052    
    SLICE_X28Y46         FDRE (Setup_fdre_C_D)        0.031    15.083    ns_reg[0]
  -------------------------------------------------------------------
                         required time                         15.083    
                         arrival time                          -6.492    
  -------------------------------------------------------------------
                         slack                                  8.591    

Slack (MET) :             8.607ns  (required time - arrival time)
  Source:                 ns_reg[1]/C
                            (rising edge-triggered cell FDRE clocked by sys_clk_pin  {rise@0.000ns fall@5.000ns period=10.000ns})
  Destination:            ns_reg[1]/D
                            (rising edge-triggered cell FDRE clocked by sys_clk_pin  {rise@0.000ns fall@5.000ns period=10.000ns})
  Path Group:             sys_clk_pin
  Path Type:              Setup (Max at Slow Process Corner)
  Requirement:            10.000ns  (sys_clk_pin rise@10.000ns - sys_clk_pin rise@0.000ns)
  Data Path Delay:        1.433ns  (logic 0.743ns (51.863%)  route 0.690ns (48.137%))
  Logic Levels:           1  (LUT3=1)
  Clock Path Skew:        0.000ns (DCD - SCD + CPR)
    Destination Clock Delay (DCD):    4.788ns = ( 14.788 - 10.000 ) 
    Source Clock Delay      (SCD):    5.087ns
    Clock Pessimism Removal (CPR):    0.299ns
  Clock Uncertainty:      0.035ns  ((TSJ^2 + TIJ^2)^1/2 + DJ) / 2 + PE
    Total System Jitter     (TSJ):    0.071ns
    Total Input Jitter      (TIJ):    0.000ns
    Discrete Jitter          (DJ):    0.000ns
    Phase Error              (PE):    0.000ns

    Location             Delay type                Incr(ns)  Path(ns)    Netlist Resource(s)
  -------------------------------------------------------------------    -------------------
                         (clock sys_clk_pin rise edge)
                                                      0.000     0.000 r  
    W5                                                0.000     0.000 r  ck (IN)
                         net (fo=0)                   0.000     0.000    ck
    W5                   IBUF (Prop_ibuf_I_O)         1.458     1.458 r  ck_IBUF_inst/O
                         net (fo=1, routed)           1.967     3.425    ck_IBUF
    BUFGCTRL_X0Y1        BUFG (Prop_bufg_I_O)         0.096     3.521 r  ck_IBUF_BUFG_inst/O
                         net (fo=3, routed)           1.566     5.087    ck_IBUF_BUFG
    SLICE_X28Y46         FDRE                                         r  ns_reg[1]/C
  -------------------------------------------------------------------    -------------------
    SLICE_X28Y46         FDRE (Prop_fdre_C_Q)         0.419     5.506 r  ns_reg[1]/Q
                         net (fo=3, routed)           0.690     6.196    ns[1]
    SLICE_X28Y46         LUT3 (Prop_lut3_I2_O)        0.324     6.520 r  ns[1]_i_1/O
                         net (fo=1, routed)           0.000     6.520    ns[1]_i_1_n_0
    SLICE_X28Y46         FDRE                                         r  ns_reg[1]/D
  -------------------------------------------------------------------    -------------------

                         (clock sys_clk_pin rise edge)
                                                     10.000    10.000 r  
    W5                                                0.000    10.000 r  ck (IN)
                         net (fo=0)                   0.000    10.000    ck
    W5                   IBUF (Prop_ibuf_I_O)         1.388    11.388 r  ck_IBUF_inst/O
                         net (fo=1, routed)           1.862    13.250    ck_IBUF
    BUFGCTRL_X0Y1        BUFG (Prop_bufg_I_O)         0.091    13.341 r  ck_IBUF_BUFG_inst/O
                         net (fo=3, routed)           1.447    14.788    ck_IBUF_BUFG
    SLICE_X28Y46         FDRE                                         r  ns_reg[1]/C
                         clock pessimism              0.299    15.087    
                         clock uncertainty           -0.035    15.052    
    SLICE_X28Y46         FDRE (Setup_fdre_C_D)        0.075    15.127    ns_reg[1]
  -------------------------------------------------------------------
                         required time                         15.127    
                         arrival time                          -6.520    
  -------------------------------------------------------------------
                         slack                                  8.607    





Min Delay Paths
--------------------------------------------------------------------------------------
Slack (MET) :             0.280ns  (arrival time - required time)
  Source:                 ck_step_reg/C
                            (rising edge-triggered cell FDRE clocked by sys_clk_pin  {rise@0.000ns fall@5.000ns period=10.000ns})
  Destination:            ck_step_reg/D
                            (rising edge-triggered cell FDRE clocked by sys_clk_pin  {rise@0.000ns fall@5.000ns period=10.000ns})
  Path Group:             sys_clk_pin
  Path Type:              Hold (Min at Fast Process Corner)
  Requirement:            0.000ns  (sys_clk_pin rise@0.000ns - sys_clk_pin rise@0.000ns)
  Data Path Delay:        0.371ns  (logic 0.186ns (50.162%)  route 0.185ns (49.838%))
  Logic Levels:           1  (LUT3=1)
  Clock Path Skew:        0.000ns (DCD - SCD - CPR)
    Destination Clock Delay (DCD):    1.960ns
    Source Clock Delay      (SCD):    1.446ns
    Clock Pessimism Removal (CPR):    0.514ns

    Location             Delay type                Incr(ns)  Path(ns)    Netlist Resource(s)
  -------------------------------------------------------------------    -------------------
                         (clock sys_clk_pin rise edge)
                                                      0.000     0.000 r  
    W5                                                0.000     0.000 r  ck (IN)
                         net (fo=0)                   0.000     0.000    ck
    W5                   IBUF (Prop_ibuf_I_O)         0.226     0.226 r  ck_IBUF_inst/O
                         net (fo=1, routed)           0.631     0.858    ck_IBUF
    BUFGCTRL_X0Y1        BUFG (Prop_bufg_I_O)         0.026     0.884 r  ck_IBUF_BUFG_inst/O
                         net (fo=3, routed)           0.563     1.446    ck_IBUF_BUFG
    SLICE_X28Y46         FDRE                                         r  ck_step_reg/C
  -------------------------------------------------------------------    -------------------
    SLICE_X28Y46         FDRE (Prop_fdre_C_Q)         0.141     1.587 r  ck_step_reg/Q
                         net (fo=2, routed)           0.185     1.772    ck_step_reg_n_0_BUFG_inst_n_0
    SLICE_X28Y46         LUT3 (Prop_lut3_I2_O)        0.045     1.817 r  ck_step_i_1/O
                         net (fo=1, routed)           0.000     1.817    ck_step_i_1_n_0
    SLICE_X28Y46         FDRE                                         r  ck_step_reg/D
  -------------------------------------------------------------------    -------------------

                         (clock sys_clk_pin rise edge)
                                                      0.000     0.000 r  
    W5                                                0.000     0.000 r  ck (IN)
                         net (fo=0)                   0.000     0.000    ck
    W5                   IBUF (Prop_ibuf_I_O)         0.414     0.414 r  ck_IBUF_inst/O
                         net (fo=1, routed)           0.685     1.099    ck_IBUF
    BUFGCTRL_X0Y1        BUFG (Prop_bufg_I_O)         0.029     1.128 r  ck_IBUF_BUFG_inst/O
                         net (fo=3, routed)           0.833     1.960    ck_IBUF_BUFG
    SLICE_X28Y46         FDRE                                         r  ck_step_reg/C
                         clock pessimism             -0.514     1.446    
    SLICE_X28Y46         FDRE (Hold_fdre_C_D)         0.091     1.537    ck_step_reg
  -------------------------------------------------------------------
                         required time                         -1.537    
                         arrival time                           1.817    
  -------------------------------------------------------------------
                         slack                                  0.280    

Slack (MET) :             0.313ns  (arrival time - required time)
  Source:                 ns_reg[0]/C
                            (rising edge-triggered cell FDRE clocked by sys_clk_pin  {rise@0.000ns fall@5.000ns period=10.000ns})
  Destination:            ns_reg[1]/D
                            (rising edge-triggered cell FDRE clocked by sys_clk_pin  {rise@0.000ns fall@5.000ns period=10.000ns})
  Path Group:             sys_clk_pin
  Path Type:              Hold (Min at Fast Process Corner)
  Requirement:            0.000ns  (sys_clk_pin rise@0.000ns - sys_clk_pin rise@0.000ns)
  Data Path Delay:        0.420ns  (logic 0.184ns (43.838%)  route 0.236ns (56.162%))
  Logic Levels:           1  (LUT3=1)
  Clock Path Skew:        0.000ns (DCD - SCD - CPR)
    Destination Clock Delay (DCD):    1.960ns
    Source Clock Delay      (SCD):    1.446ns
    Clock Pessimism Removal (CPR):    0.514ns

    Location             Delay type                Incr(ns)  Path(ns)    Netlist Resource(s)
  -------------------------------------------------------------------    -------------------
                         (clock sys_clk_pin rise edge)
                                                      0.000     0.000 r  
    W5                                                0.000     0.000 r  ck (IN)
                         net (fo=0)                   0.000     0.000    ck
    W5                   IBUF (Prop_ibuf_I_O)         0.226     0.226 r  ck_IBUF_inst/O
                         net (fo=1, routed)           0.631     0.858    ck_IBUF
    BUFGCTRL_X0Y1        BUFG (Prop_bufg_I_O)         0.026     0.884 r  ck_IBUF_BUFG_inst/O
                         net (fo=3, routed)           0.563     1.446    ck_IBUF_BUFG
    SLICE_X28Y46         FDRE                                         r  ns_reg[0]/C
  -------------------------------------------------------------------    -------------------
    SLICE_X28Y46         FDRE (Prop_fdre_C_Q)         0.141     1.587 r  ns_reg[0]/Q
                         net (fo=3, routed)           0.236     1.823    ns[0]
    SLICE_X28Y46         LUT3 (Prop_lut3_I1_O)        0.043     1.866 r  ns[1]_i_1/O
                         net (fo=1, routed)           0.000     1.866    ns[1]_i_1_n_0
    SLICE_X28Y46         FDRE                                         r  ns_reg[1]/D
  -------------------------------------------------------------------    -------------------

                         (clock sys_clk_pin rise edge)
                                                      0.000     0.000 r  
    W5                                                0.000     0.000 r  ck (IN)
                         net (fo=0)                   0.000     0.000    ck
    W5                   IBUF (Prop_ibuf_I_O)         0.414     0.414 r  ck_IBUF_inst/O
                         net (fo=1, routed)           0.685     1.099    ck_IBUF
    BUFGCTRL_X0Y1        BUFG (Prop_bufg_I_O)         0.029     1.128 r  ck_IBUF_BUFG_inst/O
                         net (fo=3, routed)           0.833     1.960    ck_IBUF_BUFG
    SLICE_X28Y46         FDRE                                         r  ns_reg[1]/C
                         clock pessimism             -0.514     1.446    
    SLICE_X28Y46         FDRE (Hold_fdre_C_D)         0.107     1.553    ns_reg[1]
  -------------------------------------------------------------------
                         required time                         -1.553    
                         arrival time                           1.866    
  -------------------------------------------------------------------
                         slack                                  0.313    

Slack (MET) :             0.330ns  (arrival time - required time)
  Source:                 ns_reg[0]/C
                            (rising edge-triggered cell FDRE clocked by sys_clk_pin  {rise@0.000ns fall@5.000ns period=10.000ns})
  Destination:            ns_reg[0]/D
                            (rising edge-triggered cell FDRE clocked by sys_clk_pin  {rise@0.000ns fall@5.000ns period=10.000ns})
  Path Group:             sys_clk_pin
  Path Type:              Hold (Min at Fast Process Corner)
  Requirement:            0.000ns  (sys_clk_pin rise@0.000ns - sys_clk_pin rise@0.000ns)
  Data Path Delay:        0.422ns  (logic 0.186ns (44.105%)  route 0.236ns (55.895%))
  Logic Levels:           1  (LUT4=1)
  Clock Path Skew:        0.000ns (DCD - SCD - CPR)
    Destination Clock Delay (DCD):    1.960ns
    Source Clock Delay      (SCD):    1.446ns
    Clock Pessimism Removal (CPR):    0.514ns

    Location             Delay type                Incr(ns)  Path(ns)    Netlist Resource(s)
  -------------------------------------------------------------------    -------------------
                         (clock sys_clk_pin rise edge)
                                                      0.000     0.000 r  
    W5                                                0.000     0.000 r  ck (IN)
                         net (fo=0)                   0.000     0.000    ck
    W5                   IBUF (Prop_ibuf_I_O)         0.226     0.226 r  ck_IBUF_inst/O
                         net (fo=1, routed)           0.631     0.858    ck_IBUF
    BUFGCTRL_X0Y1        BUFG (Prop_bufg_I_O)         0.026     0.884 r  ck_IBUF_BUFG_inst/O
                         net (fo=3, routed)           0.563     1.446    ck_IBUF_BUFG
    SLICE_X28Y46         FDRE                                         r  ns_reg[0]/C
  -------------------------------------------------------------------    -------------------
    SLICE_X28Y46         FDRE (Prop_fdre_C_Q)         0.141     1.587 r  ns_reg[0]/Q
                         net (fo=3, routed)           0.236     1.823    ns[0]
    SLICE_X28Y46         LUT4 (Prop_lut4_I1_O)        0.045     1.868 r  ns[0]_i_1/O
                         net (fo=1, routed)           0.000     1.868    ns[0]_i_1_n_0
    SLICE_X28Y46         FDRE                                         r  ns_reg[0]/D
  -------------------------------------------------------------------    -------------------

                         (clock sys_clk_pin rise edge)
                                                      0.000     0.000 r  
    W5                                                0.000     0.000 r  ck (IN)
                         net (fo=0)                   0.000     0.000    ck
    W5                   IBUF (Prop_ibuf_I_O)         0.414     0.414 r  ck_IBUF_inst/O
                         net (fo=1, routed)           0.685     1.099    ck_IBUF
    BUFGCTRL_X0Y1        BUFG (Prop_bufg_I_O)         0.029     1.128 r  ck_IBUF_BUFG_inst/O
                         net (fo=3, routed)           0.833     1.960    ck_IBUF_BUFG
    SLICE_X28Y46         FDRE                                         r  ns_reg[0]/C
                         clock pessimism             -0.514     1.446    
    SLICE_X28Y46         FDRE (Hold_fdre_C_D)         0.092     1.538    ns_reg[0]
  -------------------------------------------------------------------
                         required time                         -1.538    
                         arrival time                           1.868    
  -------------------------------------------------------------------
                         slack                                  0.330    





Pulse Width Checks
--------------------------------------------------------------------------------------
Clock Name:         sys_clk_pin
Waveform(ns):       { 0.000 5.000 }
Period(ns):         10.000
Sources:            { ck }

Check Type        Corner  Lib Pin  Reference Pin  Required(ns)  Actual(ns)  Slack(ns)  Location       Pin
Min Period        n/a     BUFG/I   n/a            2.155         10.000      7.845      BUFGCTRL_X0Y1  ck_IBUF_BUFG_inst/I
Min Period        n/a     FDRE/C   n/a            1.000         10.000      9.000      SLICE_X28Y46   ck_step_reg/C
Min Period        n/a     FDRE/C   n/a            1.000         10.000      9.000      SLICE_X28Y46   ns_reg[0]/C
Min Period        n/a     FDRE/C   n/a            1.000         10.000      9.000      SLICE_X28Y46   ns_reg[1]/C
Low Pulse Width   Slow    FDRE/C   n/a            0.500         5.000       4.500      SLICE_X28Y46   ck_step_reg/C
Low Pulse Width   Slow    FDRE/C   n/a            0.500         5.000       4.500      SLICE_X28Y46   ns_reg[0]/C
Low Pulse Width   Slow    FDRE/C   n/a            0.500         5.000       4.500      SLICE_X28Y46   ns_reg[1]/C
Low Pulse Width   Fast    FDRE/C   n/a            0.500         5.000       4.500      SLICE_X28Y46   ck_step_reg/C
Low Pulse Width   Fast    FDRE/C   n/a            0.500         5.000       4.500      SLICE_X28Y46   ns_reg[0]/C
Low Pulse Width   Fast    FDRE/C   n/a            0.500         5.000       4.500      SLICE_X28Y46   ns_reg[1]/C
High Pulse Width  Slow    FDRE/C   n/a            0.500         5.000       4.500      SLICE_X28Y46   ck_step_reg/C
High Pulse Width  Fast    FDRE/C   n/a            0.500         5.000       4.500      SLICE_X28Y46   ck_step_reg/C
High Pulse Width  Slow    FDRE/C   n/a            0.500         5.000       4.500      SLICE_X28Y46   ns_reg[0]/C
High Pulse Width  Fast    FDRE/C   n/a            0.500         5.000       4.500      SLICE_X28Y46   ns_reg[0]/C
High Pulse Width  Slow    FDRE/C   n/a            0.500         5.000       4.500      SLICE_X28Y46   ns_reg[1]/C
High Pulse Width  Fast    FDRE/C   n/a            0.500         5.000       4.500      SLICE_X28Y46   ns_reg[1]/C



